[INFO  - 2020-04-23T10:33:46.240Z] GhostDriver - Main - running on port 61083
[INFO  - 2020-04-23T10:33:46.579Z] Session [e99036e0-854d-11ea-9c73-2951533d2e29] - page.settings - {"XSSAuditingEnabled":false,"javascriptCanCloseWindows":true,"javascriptCanOpenWindows":true,"javascriptEnabled":true,"loadImages":true,"localToRemoteUrlAccessEnabled":false,"userAgent":"Mozilla/5.0 (Macintosh; Intel Mac OS X) AppleWebKit/538.1 (KHTML, like Gecko) PhantomJS/2.1.1 Safari/538.1","webSecurityEnabled":true}
[INFO  - 2020-04-23T10:33:46.579Z] Session [e99036e0-854d-11ea-9c73-2951533d2e29] - page.customHeaders:  - {}
[INFO  - 2020-04-23T10:33:46.579Z] Session [e99036e0-854d-11ea-9c73-2951533d2e29] - Session.negotiatedCapabilities - {"browserName":"phantomjs","version":"2.1.1","driverName":"ghostdriver","driverVersion":"1.2.0","platform":"mac-unknown-64bit","javascriptEnabled":true,"takesScreenshot":true,"handlesAlerts":false,"databaseEnabled":false,"locationContextEnabled":false,"applicationCacheEnabled":false,"browserConnectionEnabled":false,"cssSelectorsEnabled":true,"webStorageEnabled":false,"rotatable":false,"acceptSslCerts":false,"nativeEvents":true,"proxy":{"proxyType":"direct"}}
[INFO  - 2020-04-23T10:33:46.579Z] SessionManagerReqHand - _postNewSessionCommand - New Session Created: e99036e0-854d-11ea-9c73-2951533d2e29
[ERROR - 2020-04-23T10:33:49.488Z] Session [e99036e0-854d-11ea-9c73-2951533d2e29] - page.onError - msg: TypeError: undefined is not a constructor (evaluating 'r(18).extend')

  phantomjs://platform/console++.js:263 in error
[ERROR - 2020-04-23T10:33:49.488Z] Session [e99036e0-854d-11ea-9c73-2951533d2e29] - page.onError - stack:
  (anonymous function) (https://a-v2.sndcdn.com/assets/48-ad81e068-3.js:8)
  c (https://a-v2.sndcdn.com/assets/50-84bcde45-3.js:1)
  exports (https://a-v2.sndcdn.com/assets/49-5dae2aca-3.js:1)
  (anonymous function) (https://a-v2.sndcdn.com/assets/48-ad81e068-3.js:17)
  (anonymous function) (https://a-v2.sndcdn.com/assets/2-41bb14fb-3.js:1)
  start (https://a-v2.sndcdn.com/assets/48-ad81e068-3.js:17)
  (anonymous function) (https://a-v2.sndcdn.com/assets/48-ad81e068-3.js:17)
  u (https://a-v2.sndcdn.com/assets/2-41bb14fb-3.js:50)
  fireWith (https://a-v2.sndcdn.com/assets/2-41bb14fb-3.js:50)
  ready (https://a-v2.sndcdn.com/assets/2-41bb14fb-3.js:50)
  O (https://a-v2.sndcdn.com/assets/2-41bb14fb-3.js:50)

  phantomjs://platform/console++.js:263 in error
[ERROR - 2020-04-23T10:33:49.855Z] WebElementLocator - _handleLocateCommand - Element(s) NOT Found: GAVE UP. Search Stop Time: 1587638029819

  phantomjs://platform/console++.js:263 in error
